<?xml version="1.0" encoding="UTF-8"?>
<!-- Generated by org.testng.reporters.JUnitReportReporter -->
<testsuite hostname="Socoon" failures="1" tests="1" name="test_Cases.UserRegistrationTest" time="9.500" errors="0" timestamp="2025-07-02T18:50:24 EEST" skipped="0">
  <testcase classname="test_Cases.UserRegistrationTest" name="userRegistrationSteps" time="9.500">
    <failure message="Element not found {By.xpath: //a[normalize-space()=&#039;Continue&#039;]}
Expected: clickable: interactable and enabled
Screenshot: file:/C:/Users/user/eclipse-workspace/Store/build/reports/tests/1751471423295.0.png
Page source: file:/C:/Users/user/eclipse-workspace/Store/build/reports/tests/1751471423295.0.html
Timeout: 4 s.
Caused by: NoSuchElementException: Unable to locate element: //a[normalize-space()=&#039;Continue&#039;]" type="com.codeborne.selenide.ex.ElementNotFound">
      <![CDATA[Element not found {By.xpath: //a[normalize-space()='Continue']}
Expected: clickable: interactable and enabled
Screenshot: file:/C:/Users/user/eclipse-workspace/Store/build/reports/tests/1751471423295.0.png
Page source: file:/C:/Users/user/eclipse-workspace/Store/build/reports/tests/1751471423295.0.html
Timeout: 4 s.
Caused by: NoSuchElementException: Unable to locate element: //a[normalize-space()='Continue']
at com.codeborne.selenide.impl.WebElementSource.createElementNotFoundError(WebElementSource.java:89)
at com.codeborne.selenide.impl.ElementFinder.createElementNotFoundError(ElementFinder.java:129)
at com.codeborne.selenide.impl.WebElementSource.handleError(WebElementSource.java:140)
at com.codeborne.selenide.impl.WebElementSource.checkConditionAndReturnElement(WebElementSource.java:123)
at com.codeborne.selenide.impl.WebElementSource.findAndAssertElementIsClickable(WebElementSource.java:169)
at com.codeborne.selenide.commands.Click.findElement(Click.java:53)
at com.codeborne.selenide.commands.Click.execute(Click.java:39)
at com.codeborne.selenide.FluentCommand.execute(FluentCommand.java:27)
at com.codeborne.selenide.FluentCommand.execute(FluentCommand.java:19)
at com.codeborne.selenide.commands.Commands.execute(Commands.java:160)
at com.codeborne.selenide.impl.SelenideElementProxy.dispatchAndRetry(SelenideElementProxy.java:131)
at com.codeborne.selenide.impl.SelenideElementProxy.invoke(SelenideElementProxy.java:83)
at jdk.proxy2/jdk.proxy2.$Proxy8.click(Unknown Source)
at sitePages.PageBase.clickButton(PageBase.java:8)
at sitePages.RegisterPage.fillUserRegistrationForm(RegisterPage.java:62)
at test_Cases.UserRegistrationTest.userRegistrationSteps(UserRegistrationTest.java:13)
at java.base/jdk.internal.reflect.DirectMethodHandleAccessor.invoke(DirectMethodHandleAccessor.java:103)
at java.base/java.lang.reflect.Method.invoke(Method.java:580)
at org.testng.internal.invokers.MethodInvocationHelper.invokeMethod(MethodInvocationHelper.java:141)
at org.testng.internal.invokers.TestInvoker.invokeMethod(TestInvoker.java:686)
at org.testng.internal.invokers.TestInvoker.invokeTestMethod(TestInvoker.java:230)
at org.testng.internal.invokers.MethodRunner.runInSequence(MethodRunner.java:63)
at org.testng.internal.invokers.TestInvoker$MethodInvocationAgent.invoke(TestInvoker.java:992)
at org.testng.internal.invokers.TestInvoker.invokeTestMethods(TestInvoker.java:203)
at org.testng.internal.invokers.TestMethodWorker.invokeTestMethods(TestMethodWorker.java:154)
at org.testng.internal.invokers.TestMethodWorker.run(TestMethodWorker.java:134)
at java.base/java.util.ArrayList.forEach(ArrayList.java:1597)
at org.testng.TestRunner.privateRun(TestRunner.java:739)
at org.testng.TestRunner.run(TestRunner.java:614)
at org.testng.SuiteRunner.runTest(SuiteRunner.java:421)
at org.testng.SuiteRunner.runSequentially(SuiteRunner.java:413)
at org.testng.SuiteRunner.privateRun(SuiteRunner.java:373)
at org.testng.SuiteRunner.run(SuiteRunner.java:312)
at org.testng.SuiteRunnerWorker.runSuite(SuiteRunnerWorker.java:52)
at org.testng.SuiteRunnerWorker.run(SuiteRunnerWorker.java:95)
at org.testng.TestNG.runSuitesSequentially(TestNG.java:1274)
at org.testng.TestNG.runSuitesLocally(TestNG.java:1208)
at org.testng.TestNG.runSuites(TestNG.java:1112)
at org.testng.TestNG.run(TestNG.java:1079)
at org.testng.remote.AbstractRemoteTestNG.run(AbstractRemoteTestNG.java:115)
at org.testng.remote.RemoteTestNG.initAndRun(RemoteTestNG.java:293)
at org.testng.remote.RemoteTestNG.main(RemoteTestNG.java:91)
Caused by: org.openqa.selenium.NoSuchElementException: Unable to locate element: //a[normalize-space()='Continue']
For documentation on this error, please visit: https://www.selenium.dev/documentation/webdriver/troubleshooting/errors#no-such-element-exception
Build info: version: '4.33.0', revision: '2c6aaad03a'
System info: os.name: 'Windows 11', os.arch: 'amd64', os.version: '10.0', java.version: '23.0.2'
Driver info: org.openqa.selenium.firefox.FirefoxDriver
Command: [785dd63c-4b81-446c-91c5-784995e1077e, findElement {using=xpath, value=//a[normalize-space()='Continue']}]
Capabilities {acceptInsecureCerts: true, browserName: firefox, browserVersion: 140.0.2, moz:accessibilityChecks: false, moz:buildID: 20250627085530, moz:geckodriverVersion: 0.36.0, moz:headless: false, moz:platformVersion: 10.0, moz:processID: 19604, moz:profile: C:\Users\user\AppData\Local..., moz:shutdownTimeout: 60000, moz:webdriverClick: true, moz:windowless: false, pageLoadStrategy: normal, platformName: windows, proxy: Proxy(), setWindowRect: true, strictFileInteractability: false, timeouts: {implicit: 0, pageLoad: 300000, script: 30000}, unhandledPromptBehavior: accept, userAgent: Mozilla/5.0 (Windows NT 10....}
Session ID: 785dd63c-4b81-446c-91c5-784995e1077e
at java.base/jdk.internal.reflect.DirectConstructorHandleAccessor.newInstance(DirectConstructorHandleAccessor.java:62)
at java.base/java.lang.reflect.Constructor.newInstanceWithCaller(Constructor.java:501)
at java.base/java.lang.reflect.Constructor.newInstance(Constructor.java:485)
at org.openqa.selenium.remote.ErrorCodec.decode(ErrorCodec.java:167)
at org.openqa.selenium.remote.codec.w3c.W3CHttpResponseCodec.decode(W3CHttpResponseCodec.java:138)
at org.openqa.selenium.remote.codec.w3c.W3CHttpResponseCodec.decode(W3CHttpResponseCodec.java:50)
at org.openqa.selenium.remote.HttpCommandExecutor.execute(HttpCommandExecutor.java:215)
at org.openqa.selenium.remote.service.DriverCommandExecutor.invokeExecute(DriverCommandExecutor.java:216)
at org.openqa.selenium.remote.service.DriverCommandExecutor.execute(DriverCommandExecutor.java:174)
at org.openqa.selenium.remote.RemoteWebDriver.execute(RemoteWebDriver.java:544)
at org.openqa.selenium.remote.ElementLocation$ElementFinder$2.findElement(ElementLocation.java:165)
at org.openqa.selenium.remote.ElementLocation.findElement(ElementLocation.java:59)
at org.openqa.selenium.remote.RemoteWebDriver.findElement(RemoteWebDriver.java:367)
at org.openqa.selenium.remote.RemoteWebDriver.findElement(RemoteWebDriver.java:361)
at com.codeborne.selenide.impl.WebElementSelector.findElement(WebElementSelector.java:67)
at com.codeborne.selenide.impl.WebElementSelector.findElement(WebElementSelector.java:38)
at com.codeborne.selenide.impl.WebElementSelector.findElement(WebElementSelector.java:29)
at com.codeborne.selenide.impl.ElementFinder.getWebElement(ElementFinder.java:113)
at com.codeborne.selenide.impl.WebElementSource.checkConditionAndReturnElement(WebElementSource.java:112)
... 38 more
]]>
    </failure>
  </testcase> <!-- userRegistrationSteps -->
</testsuite> <!-- test_Cases.UserRegistrationTest -->
